<?xml version="1.0" encoding="UTF-8"?>
<!-- Generated by org.testng.reporters.JUnitXMLReporter -->
<testsuite hostname="DESKTOP-19EE3AO" ignored="0" name="Default test" tests="2" failures="0" timestamp="2022-10-19T23:36:33 IST" time="0.05" errors="0">
  <testcase name="verifyLogin" time="0.005" classname="day8.TestNGExamples.Example_Annotation_test_method"/>
  <testcase name="createTask" time="0.001" classname="day8.TestNGExamples.Example_Annotation_test_method"/>
</testsuite> <!-- Default test -->
