<?xml version="1.0" encoding="UTF-8"?>
<testng-results skipped="0" failed="0" ignored="0" total="2" passed="2">
  <reporter-output>
  </reporter-output>
  <suite name="Default suite" duration-ms="50" started-at="2022-10-19T23:36:33 IST" finished-at="2022-10-19T23:36:33 IST">
    <groups>
    </groups>
    <test name="Default test" duration-ms="50" started-at="2022-10-19T23:36:33 IST" finished-at="2022-10-19T23:36:33 IST">
      <class name="day8.TestNGExamples.Example_Annotation_test_method">
        <test-method status="PASS" signature="openBrowser()[pri:0, instance:day8.TestNGExamples.Example_Annotation_test_method@6ee52dcd]" name="openBrowser" is-config="true" duration-ms="7" started-at="2022-10-19T23:36:33 IST" finished-at="2022-10-19T23:36:33 IST">
          <reporter-output>
          </reporter-output>
        </test-method> <!-- openBrowser -->
        <test-method status="PASS" signature="enterURL()[pri:0, instance:day8.TestNGExamples.Example_Annotation_test_method@6ee52dcd]" name="enterURL" is-config="true" duration-ms="0" started-at="2022-10-19T23:36:33 IST" finished-at="2022-10-19T23:36:33 IST">
          <reporter-output>
          </reporter-output>
        </test-method> <!-- enterURL -->
        <test-method status="PASS" signature="verifyLogin()[pri:1, instance:day8.TestNGExamples.Example_Annotation_test_method@6ee52dcd]" name="verifyLogin" duration-ms="5" started-at="2022-10-19T23:36:33 IST" finished-at="2022-10-19T23:36:33 IST">
          <reporter-output>
          </reporter-output>
        </test-method> <!-- verifyLogin -->
        <test-method status="PASS" signature="Logout()[pri:0, instance:day8.TestNGExamples.Example_Annotation_test_method@6ee52dcd]" name="Logout" is-config="true" duration-ms="1" started-at="2022-10-19T23:36:33 IST" finished-at="2022-10-19T23:36:33 IST">
          <reporter-output>
          </reporter-output>
        </test-method> <!-- Logout -->
        <test-method status="PASS" signature="enterURL()[pri:0, instance:day8.TestNGExamples.Example_Annotation_test_method@6ee52dcd]" name="enterURL" is-config="true" duration-ms="0" started-at="2022-10-19T23:36:33 IST" finished-at="2022-10-19T23:36:33 IST">
          <reporter-output>
          </reporter-output>
        </test-method> <!-- enterURL -->
        <test-method status="PASS" signature="createTask()[pri:2, instance:day8.TestNGExamples.Example_Annotation_test_method@6ee52dcd]" name="createTask" duration-ms="1" started-at="2022-10-19T23:36:33 IST" finished-at="2022-10-19T23:36:33 IST">
          <reporter-output>
          </reporter-output>
        </test-method> <!-- createTask -->
        <test-method status="PASS" signature="Logout()[pri:0, instance:day8.TestNGExamples.Example_Annotation_test_method@6ee52dcd]" name="Logout" is-config="true" duration-ms="1" started-at="2022-10-19T23:36:33 IST" finished-at="2022-10-19T23:36:33 IST">
          <reporter-output>
          </reporter-output>
        </test-method> <!-- Logout -->
        <test-method status="PASS" signature="closeBrowser()[pri:0, instance:day8.TestNGExamples.Example_Annotation_test_method@6ee52dcd]" name="closeBrowser" is-config="true" duration-ms="0" started-at="2022-10-19T23:36:33 IST" finished-at="2022-10-19T23:36:33 IST">
          <reporter-output>
          </reporter-output>
        </test-method> <!-- closeBrowser -->
      </class> <!-- day8.TestNGExamples.Example_Annotation_test_method -->
    </test> <!-- Default test -->
  </suite> <!-- Default suite -->
</testng-results>
